2024-02-12 13:11:49 Loading main app package /usr/lib/obsidian/obsidian.asar
2024-02-12 13:11:50 Checking for update using Github
2024-02-12 13:11:50 Success.
2024-02-12 13:11:50 Latest version is 1.5.3
2024-02-12 13:11:50 App is up to date.
2024-02-12 14:11:49 Checking for update using Github
2024-02-12 14:11:50 Success.
2024-02-12 14:11:50 Latest version is 1.5.3
2024-02-12 14:11:50 App is up to date.
2024-02-12 15:20:18 Loading main app package /usr/lib/obsidian/obsidian.asar
2024-02-12 15:20:18 Checking for update using Github
2024-02-12 15:20:18 Success.
2024-02-12 15:20:18 Latest version is 1.5.3
2024-02-12 15:20:18 App is up to date.
2024-02-13 22:31:57 Loading main app package /usr/lib/obsidian/obsidian.asar
2024-02-13 22:31:57 Checking for update using Github
2024-02-13 22:31:58 Success.
2024-02-13 22:31:58 Latest version is 1.5.3
2024-02-13 22:31:58 App is up to date.
2024-02-13 23:31:57 Checking for update using Github
2024-02-13 23:31:57 Success.
2024-02-13 23:31:57 Latest version is 1.5.3
2024-02-13 23:31:57 App is up to date.
2024-02-17 21:37:06 Loading main app package /usr/lib/obsidian/obsidian.asar
2024-02-17 21:37:06 Checking for update using Github
2024-02-17 21:37:07 Success.
2024-02-17 21:37:07 Latest version is 1.5.3
2024-02-17 21:37:07 App is up to date.
2024-02-17 22:37:06 Checking for update using Github
2024-02-17 22:37:06 Success.
2024-02-17 22:37:06 Latest version is 1.5.3
2024-02-17 22:37:06 App is up to date.
2024-02-17 23:37:06 Checking for update using Github
2024-02-17 23:37:06 Success.
2024-02-17 23:37:06 Latest version is 1.5.3
2024-02-17 23:37:06 App is up to date.
2024-02-18 00:37:06 Checking for update using Github
2024-02-18 00:37:06 Success.
2024-02-18 00:37:06 Latest version is 1.5.3
2024-02-18 00:37:06 App is up to date.
2024-02-18 01:37:06 Checking for update using Github
2024-02-18 01:37:07 Success.
2024-02-18 01:37:07 Latest version is 1.5.3
2024-02-18 01:37:07 App is up to date.
2024-02-18 02:37:06 Checking for update using Github
2024-02-18 02:37:07 Success.
2024-02-18 02:37:07 Latest version is 1.5.3
2024-02-18 02:37:07 App is up to date.
2024-02-18 03:37:06 Checking for update using Github
2024-02-18 03:37:07 Success.
2024-02-18 03:37:07 Latest version is 1.5.3
2024-02-18 03:37:07 App is up to date.
2024-02-18 04:37:06 Checking for update using Github
2024-02-18 04:37:07 Success.
2024-02-18 04:37:07 Latest version is 1.5.3
2024-02-18 04:37:07 App is up to date.
2024-02-19 15:56:12 Loading main app package /usr/lib/obsidian/obsidian.asar
2024-02-19 15:56:12 Checking for update using Github
2024-02-19 15:56:13 Success.
2024-02-19 15:56:13 Latest version is 1.5.3
2024-02-19 15:56:13 App is up to date.
2024-02-19 16:56:12 Checking for update using Github
2024-02-19 16:56:13 Success.
2024-02-19 16:56:13 Latest version is 1.5.3
2024-02-19 16:56:13 App is up to date.
2024-02-19 17:56:12 Checking for update using Github
2024-02-19 17:56:13 Success.
2024-02-19 17:56:13 Latest version is 1.5.3
2024-02-19 17:56:13 App is up to date.
2024-02-21 18:01:55 Loading main app package /usr/lib/obsidian/obsidian.asar
2024-02-21 18:01:55 Checking for update using Github
2024-02-21 18:01:56 Success.
2024-02-21 18:01:56 Latest version is 1.5.3
2024-02-21 18:01:56 App is up to date.
2024-02-21 19:01:55 Checking for update using Github
2024-02-21 19:01:56 Success.
2024-02-21 19:01:56 Latest version is 1.5.3
2024-02-21 19:01:56 App is up to date.
2024-02-24 00:00:39 Loading main app package /usr/lib/obsidian/obsidian.asar
2024-02-24 00:00:40 Checking for update using Github
2024-02-24 00:00:40 Success.
2024-02-24 00:00:40 Latest version is 1.5.8
2024-02-24 00:00:40 App is up to date.
